CompileCommand: exclude com/intellij/openapi/vfs/impl/FilePartNodeRoot.trieDescend bool exclude = true
2022-10-11 21:04:39,546 [   2721]   WARN - #c.i.u.s.SvgCacheManager - Icon cache will be recreated or previous version of data reused, (db=/home/dan/.cache/JetBrains/IntelliJIdea2022.2/icons-v6.db)
2022-10-11 21:04:40,489 [   3664] SEVERE - #c.i.d.LoadingState - Should be called at least in the state COMPONENTS_LOADED, the current state is: CONFIGURATION_STORE_INITIALIZED
Current violators count: 1


java.lang.Throwable
	at com.intellij.diagnostic.LoadingState.logStateError(LoadingState.java:52)
	at com.intellij.diagnostic.LoadingState.checkOccurred(LoadingState.java:48)
	at com.intellij.openapi.actionSystem.impl.ActionManagerImpl.<init>(ActionManagerImpl.java:133)
	at com.jetbrains.rdserver.ui.actionPopupMenu.BackendActionManager.<init>(BackendActionManager.kt:17)
	at java.base/jdk.internal.reflect.NativeConstructorAccessorImpl.newInstance0(Native Method)
	at java.base/jdk.internal.reflect.NativeConstructorAccessorImpl.newInstance(NativeConstructorAccessorImpl.java:77)
	at java.base/jdk.internal.reflect.DelegatingConstructorAccessorImpl.newInstance(DelegatingConstructorAccessorImpl.java:45)
	at java.base/java.lang.reflect.Constructor.newInstanceWithCaller(Constructor.java:499)
	at java.base/java.lang.reflect.Constructor.newInstance(Constructor.java:480)
	at com.intellij.serviceContainer.ConstructorInjectionKt.instantiateUsingPicoContainer(constructorInjection.kt:47)
	at com.intellij.serviceContainer.ComponentManagerImpl.instantiateClassWithConstructorInjection(ComponentManagerImpl.kt:890)
	at com.intellij.serviceContainer.ServiceComponentAdapter.createAndInitialize(ServiceComponentAdapter.kt:51)
	at com.intellij.serviceContainer.ServiceComponentAdapter.doCreateInstance(ServiceComponentAdapter.kt:41)
	at com.intellij.serviceContainer.BaseComponentAdapter.getInstanceUncached(BaseComponentAdapter.kt:119)
	at com.intellij.serviceContainer.BaseComponentAdapter.getInstance(BaseComponentAdapter.kt:73)
	at com.intellij.serviceContainer.BaseComponentAdapter.getInstance$default(BaseComponentAdapter.kt:66)
	at com.intellij.serviceContainer.ComponentManagerImpl.doGetService(ComponentManagerImpl.kt:609)
	at com.intellij.serviceContainer.ComponentManagerImpl.getService(ComponentManagerImpl.kt:583)
	at com.intellij.openapi.client.ClientAwareComponentManager.getFromSelfOrCurrentSession(ClientAwareComponentManager.kt:37)
	at com.intellij.openapi.client.ClientAwareComponentManager.getService(ClientAwareComponentManager.kt:22)
	at com.intellij.openapi.actionSystem.ActionManager.getInstance(ActionManager.java:29)
	at com.intellij.help.impl.KeymapGenerator.<clinit>(KeymapGenerator.java:33)
	at java.base/jdk.internal.misc.Unsafe.allocateInstance(Native Method)
	at java.base/java.lang.invoke.DirectMethodHandle.allocateInstance(DirectMethodHandle.java:520)
	at com.intellij.serviceContainer.ComponentManagerImpl.instantiateClass(ComponentManagerImpl.kt:844)
	at com.intellij.openapi.extensions.impl.XmlExtensionAdapter.instantiateClass(XmlExtensionAdapter.kt:79)
	at com.intellij.openapi.extensions.impl.XmlExtensionAdapter$SimpleConstructorInjectionAdapter.instantiateClass(XmlExtensionAdapter.kt:90)
	at com.intellij.openapi.extensions.impl.XmlExtensionAdapter.doCreateInstance(XmlExtensionAdapter.kt:50)
	at com.intellij.openapi.extensions.impl.XmlExtensionAdapter.createInstance(XmlExtensionAdapter.kt:31)
	at com.intellij.openapi.extensions.impl.ExtensionPointImpl.processAdapter(ExtensionPointImpl.java:447)
	at com.intellij.openapi.extensions.impl.ExtensionPointImpl.access$200(ExtensionPointImpl.java:33)
	at com.intellij.openapi.extensions.impl.ExtensionPointImpl$1.next(ExtensionPointImpl.java:355)
	at com.intellij.idea.ApplicationLoader.findAppStarter(ApplicationLoader.kt:595)
	at com.intellij.idea.ApplicationLoader.access$findAppStarter(ApplicationLoader.kt:1)
	at com.intellij.idea.ApplicationLoader$initApplication$block$3.apply(ApplicationLoader.kt:170)
	at com.intellij.idea.ApplicationLoader$initApplication$block$3.apply(ApplicationLoader.kt)
	at java.base/java.util.concurrent.CompletableFuture$UniCompose.tryFire(CompletableFuture.java:1150)
	at java.base/java.util.concurrent.CompletableFuture.postComplete(CompletableFuture.java:510)
	at java.base/java.util.concurrent.CompletableFuture.postFire(CompletableFuture.java:614)
	at java.base/java.util.concurrent.CompletableFuture$UniCompose.tryFire(CompletableFuture.java:1163)
	at java.base/java.util.concurrent.CompletableFuture$Completion.run(CompletableFuture.java:482)
	at com.intellij.idea.ApplicationLoader$initApplication$block$2.execute(ApplicationLoader.kt:142)
	at java.base/java.util.concurrent.CompletableFuture$UniCompletion.claim(CompletableFuture.java:572)
	at java.base/java.util.concurrent.CompletableFuture$UniCompose.tryFire(CompletableFuture.java:1147)
	at java.base/java.util.concurrent.CompletableFuture.postComplete(CompletableFuture.java:510)
	at java.base/java.util.concurrent.CompletableFuture.postFire(CompletableFuture.java:614)
	at java.base/java.util.concurrent.CompletableFuture$UniCompose.tryFire(CompletableFuture.java:1163)
	at java.base/java.util.concurrent.CompletableFuture$Completion.exec(CompletableFuture.java:483)
	at java.base/java.util.concurrent.ForkJoinTask.doExec(ForkJoinTask.java:373)
	at java.base/java.util.concurrent.ForkJoinPool$WorkQueue.topLevelExec(ForkJoinPool.java:1182)
	at java.base/java.util.concurrent.ForkJoinPool.scan(ForkJoinPool.java:1655)
	at java.base/java.util.concurrent.ForkJoinPool.runWorker(ForkJoinPool.java:1622)
	at java.base/java.util.concurrent.ForkJoinWorkerThread.run(ForkJoinWorkerThread.java:165)
2022-10-11 21:04:40,524 [   3699] SEVERE - #c.i.d.LoadingState - IntelliJ IDEA 2022.2.3  Build #IU-222.4345.14
2022-10-11 21:04:40,526 [   3701] SEVERE - #c.i.d.LoadingState - JDK: 17.0.4.1; VM: OpenJDK 64-Bit Server VM; Vendor: JetBrains s.r.o.
2022-10-11 21:04:40,532 [   3707] SEVERE - #c.i.d.LoadingState - OS: Linux
2022-10-11 21:04:42,506 [   5681] SEVERE - #c.i.d.LoadingState - Should be called at least in the state COMPONENTS_LOADED, the current state is: CONFIGURATION_STORE_INITIALIZED
Current violators count: 2


java.lang.Throwable
	at com.intellij.diagnostic.LoadingState.logStateError(LoadingState.java:52)
	at com.intellij.diagnostic.LoadingState.checkOccurred(LoadingState.java:48)
	at com.intellij.openapi.util.registry.Registry.getInstance(Registry.java:176)
	at com.intellij.openapi.util.registry.Registry.get(Registry.java:50)
	at com.intellij.openapi.util.registry.Registry.is(Registry.java:63)
	at com.intellij.execution.ExecutorRegistryImpl.isExecutorInMainGroup(ExecutorRegistryImpl.java:195)
	at com.intellij.execution.ExecutorRegistryImpl.initExecutorActions(ExecutorRegistryImpl.java:127)
	at com.intellij.execution.ExecutorRegistryImpl.init(ExecutorRegistryImpl.java:278)
	at com.intellij.execution.ExecutorRegistryImpl$ExecutorRegistryActionConfigurationTuner.customize(ExecutorRegistryImpl.java:92)
	at com.intellij.openapi.actionSystem.impl.ActionManagerImpl.lambda$new$0(ActionManagerImpl.java:141)
	at com.intellij.openapi.extensions.impl.ExtensionProcessingHelper.forEachExtensionSafe(ExtensionProcessingHelper.java:34)
	at com.intellij.openapi.extensions.ExtensionPointName.forEachExtensionSafe(ExtensionPointName.java:46)
	at com.intellij.openapi.actionSystem.impl.ActionManagerImpl.<init>(ActionManagerImpl.java:141)
	at com.jetbrains.rdserver.ui.actionPopupMenu.BackendActionManager.<init>(BackendActionManager.kt:17)
	at java.base/jdk.internal.reflect.NativeConstructorAccessorImpl.newInstance0(Native Method)
	at java.base/jdk.internal.reflect.NativeConstructorAccessorImpl.newInstance(NativeConstructorAccessorImpl.java:77)
	at java.base/jdk.internal.reflect.DelegatingConstructorAccessorImpl.newInstance(DelegatingConstructorAccessorImpl.java:45)
	at java.base/java.lang.reflect.Constructor.newInstanceWithCaller(Constructor.java:499)
	at java.base/java.lang.reflect.Constructor.newInstance(Constructor.java:480)
	at com.intellij.serviceContainer.ConstructorInjectionKt.instantiateUsingPicoContainer(constructorInjection.kt:47)
	at com.intellij.serviceContainer.ComponentManagerImpl.instantiateClassWithConstructorInjection(ComponentManagerImpl.kt:890)
	at com.intellij.serviceContainer.ServiceComponentAdapter.createAndInitialize(ServiceComponentAdapter.kt:51)
	at com.intellij.serviceContainer.ServiceComponentAdapter.doCreateInstance(ServiceComponentAdapter.kt:41)
	at com.intellij.serviceContainer.BaseComponentAdapter.getInstanceUncached(BaseComponentAdapter.kt:119)
	at com.intellij.serviceContainer.BaseComponentAdapter.getInstance(BaseComponentAdapter.kt:73)
	at com.intellij.serviceContainer.BaseComponentAdapter.getInstance$default(BaseComponentAdapter.kt:66)
	at com.intellij.serviceContainer.ComponentManagerImpl.doGetService(ComponentManagerImpl.kt:609)
	at com.intellij.serviceContainer.ComponentManagerImpl.getService(ComponentManagerImpl.kt:583)
	at com.intellij.openapi.client.ClientAwareComponentManager.getFromSelfOrCurrentSession(ClientAwareComponentManager.kt:37)
	at com.intellij.openapi.client.ClientAwareComponentManager.getService(ClientAwareComponentManager.kt:22)
	at com.intellij.openapi.actionSystem.ActionManager.getInstance(ActionManager.java:29)
	at com.intellij.help.impl.KeymapGenerator.<clinit>(KeymapGenerator.java:33)
	at java.base/jdk.internal.misc.Unsafe.allocateInstance(Native Method)
	at java.base/java.lang.invoke.DirectMethodHandle.allocateInstance(DirectMethodHandle.java:520)
	at com.intellij.serviceContainer.ComponentManagerImpl.instantiateClass(ComponentManagerImpl.kt:844)
	at com.intellij.openapi.extensions.impl.XmlExtensionAdapter.instantiateClass(XmlExtensionAdapter.kt:79)
	at com.intellij.openapi.extensions.impl.XmlExtensionAdapter$SimpleConstructorInjectionAdapter.instantiateClass(XmlExtensionAdapter.kt:90)
	at com.intellij.openapi.extensions.impl.XmlExtensionAdapter.doCreateInstance(XmlExtensionAdapter.kt:50)
	at com.intellij.openapi.extensions.impl.XmlExtensionAdapter.createInstance(XmlExtensionAdapter.kt:31)
	at com.intellij.openapi.extensions.impl.ExtensionPointImpl.processAdapter(ExtensionPointImpl.java:447)
	at com.intellij.openapi.extensions.impl.ExtensionPointImpl.access$200(ExtensionPointImpl.java:33)
	at com.intellij.openapi.extensions.impl.ExtensionPointImpl$1.next(ExtensionPointImpl.java:355)
	at com.intellij.idea.ApplicationLoader.findAppStarter(ApplicationLoader.kt:595)
	at com.intellij.idea.ApplicationLoader.access$findAppStarter(ApplicationLoader.kt:1)
	at com.intellij.idea.ApplicationLoader$initApplication$block$3.apply(ApplicationLoader.kt:170)
	at com.intellij.idea.ApplicationLoader$initApplication$block$3.apply(ApplicationLoader.kt)
	at java.base/java.util.concurrent.CompletableFuture$UniCompose.tryFire(CompletableFuture.java:1150)
	at java.base/java.util.concurrent.CompletableFuture.postComplete(CompletableFuture.java:510)
	at java.base/java.util.concurrent.CompletableFuture.postFire(CompletableFuture.java:614)
	at java.base/java.util.concurrent.CompletableFuture$UniCompose.tryFire(CompletableFuture.java:1163)
	at java.base/java.util.concurrent.CompletableFuture$Completion.run(CompletableFuture.java:482)
	at com.intellij.idea.ApplicationLoader$initApplication$block$2.execute(ApplicationLoader.kt:142)
	at java.base/java.util.concurrent.CompletableFuture$UniCompletion.claim(CompletableFuture.java:572)
	at java.base/java.util.concurrent.CompletableFuture$UniCompose.tryFire(CompletableFuture.java:1147)
	at java.base/java.util.concurrent.CompletableFuture.postComplete(CompletableFuture.java:510)
	at java.base/java.util.concurrent.CompletableFuture.postFire(CompletableFuture.java:614)
	at java.base/java.util.concurrent.CompletableFuture$UniCompose.tryFire(CompletableFuture.java:1163)
	at java.base/java.util.concurrent.CompletableFuture$Completion.exec(CompletableFuture.java:483)
	at java.base/java.util.concurrent.ForkJoinTask.doExec(ForkJoinTask.java:373)
	at java.base/java.util.concurrent.ForkJoinPool$WorkQueue.topLevelExec(ForkJoinPool.java:1182)
	at java.base/java.util.concurrent.ForkJoinPool.scan(ForkJoinPool.java:1655)
	at java.base/java.util.concurrent.ForkJoinPool.runWorker(ForkJoinPool.java:1622)
	at java.base/java.util.concurrent.ForkJoinWorkerThread.run(ForkJoinWorkerThread.java:165)
2022-10-11 21:04:42,511 [   5686] SEVERE - #c.i.d.LoadingState - IntelliJ IDEA 2022.2.3  Build #IU-222.4345.14
2022-10-11 21:04:42,512 [   5687] SEVERE - #c.i.d.LoadingState - JDK: 17.0.4.1; VM: OpenJDK 64-Bit Server VM; Vendor: JetBrains s.r.o.
2022-10-11 21:04:42,513 [   5688] SEVERE - #c.i.d.LoadingState - OS: Linux
2022-10-11 21:04:42,517 [   5692]   WARN - #c.i.o.u.r.RegistryValue - Attempt to load key 'executor.actions.submenu' for not yet loaded registry
2022-10-11 21:04:42,582 [   5757] SEVERE - #c.i.d.LoadingState - Should be called at least in the state COMPONENTS_LOADED, the current state is: CONFIGURATION_STORE_INITIALIZED
Current violators count: 3


java.lang.Throwable
	at com.intellij.diagnostic.LoadingState.logStateError(LoadingState.java:52)
	at com.intellij.diagnostic.LoadingState.checkOccurred(LoadingState.java:48)
	at com.intellij.openapi.util.registry.Registry.getInstance(Registry.java:176)
	at com.intellij.openapi.util.registry.Registry.get(Registry.java:50)
	at com.intellij.openapi.util.registry.Registry.is(Registry.java:63)
	at com.intellij.openapi.wm.impl.GlobalMenuLinux._loadLibrary(GlobalMenuLinux.java:797)
	at com.intellij.openapi.wm.impl.GlobalMenuLinux.<clinit>(GlobalMenuLinux.java:164)
	at com.intellij.openapi.wm.impl.GlobalMenuLinux$MyActionTuner.customize(GlobalMenuLinux.java:230)
	at com.intellij.openapi.actionSystem.impl.ActionManagerImpl.lambda$new$0(ActionManagerImpl.java:141)
	at com.intellij.openapi.extensions.impl.ExtensionProcessingHelper.forEachExtensionSafe(ExtensionProcessingHelper.java:34)
	at com.intellij.openapi.extensions.ExtensionPointName.forEachExtensionSafe(ExtensionPointName.java:46)
	at com.intellij.openapi.actionSystem.impl.ActionManagerImpl.<init>(ActionManagerImpl.java:141)
	at com.jetbrains.rdserver.ui.actionPopupMenu.BackendActionManager.<init>(BackendActionManager.kt:17)
	at java.base/jdk.internal.reflect.NativeConstructorAccessorImpl.newInstance0(Native Method)
	at java.base/jdk.internal.reflect.NativeConstructorAccessorImpl.newInstance(NativeConstructorAccessorImpl.java:77)
	at java.base/jdk.internal.reflect.DelegatingConstructorAccessorImpl.newInstance(DelegatingConstructorAccessorImpl.java:45)
	at java.base/java.lang.reflect.Constructor.newInstanceWithCaller(Constructor.java:499)
	at java.base/java.lang.reflect.Constructor.newInstance(Constructor.java:480)
	at com.intellij.serviceContainer.ConstructorInjectionKt.instantiateUsingPicoContainer(constructorInjection.kt:47)
	at com.intellij.serviceContainer.ComponentManagerImpl.instantiateClassWithConstructorInjection(ComponentManagerImpl.kt:890)
	at com.intellij.serviceContainer.ServiceComponentAdapter.createAndInitialize(ServiceComponentAdapter.kt:51)
	at com.intellij.serviceContainer.ServiceComponentAdapter.doCreateInstance(ServiceComponentAdapter.kt:41)
	at com.intellij.serviceContainer.BaseComponentAdapter.getInstanceUncached(BaseComponentAdapter.kt:119)
	at com.intellij.serviceContainer.BaseComponentAdapter.getInstance(BaseComponentAdapter.kt:73)
	at com.intellij.serviceContainer.BaseComponentAdapter.getInstance$default(BaseComponentAdapter.kt:66)
	at com.intellij.serviceContainer.ComponentManagerImpl.doGetService(ComponentManagerImpl.kt:609)
	at com.intellij.serviceContainer.ComponentManagerImpl.getService(ComponentManagerImpl.kt:583)
	at com.intellij.openapi.client.ClientAwareComponentManager.getFromSelfOrCurrentSession(ClientAwareComponentManager.kt:37)
	at com.intellij.openapi.client.ClientAwareComponentManager.getService(ClientAwareComponentManager.kt:22)
	at com.intellij.openapi.actionSystem.ActionManager.getInstance(ActionManager.java:29)
	at com.intellij.help.impl.KeymapGenerator.<clinit>(KeymapGenerator.java:33)
	at java.base/jdk.internal.misc.Unsafe.allocateInstance(Native Method)
	at java.base/java.lang.invoke.DirectMethodHandle.allocateInstance(DirectMethodHandle.java:520)
	at com.intellij.serviceContainer.ComponentManagerImpl.instantiateClass(ComponentManagerImpl.kt:844)
	at com.intellij.openapi.extensions.impl.XmlExtensionAdapter.instantiateClass(XmlExtensionAdapter.kt:79)
	at com.intellij.openapi.extensions.impl.XmlExtensionAdapter$SimpleConstructorInjectionAdapter.instantiateClass(XmlExtensionAdapter.kt:90)
	at com.intellij.openapi.extensions.impl.XmlExtensionAdapter.doCreateInstance(XmlExtensionAdapter.kt:50)
	at com.intellij.openapi.extensions.impl.XmlExtensionAdapter.createInstance(XmlExtensionAdapter.kt:31)
	at com.intellij.openapi.extensions.impl.ExtensionPointImpl.processAdapter(ExtensionPointImpl.java:447)
	at com.intellij.openapi.extensions.impl.ExtensionPointImpl.access$200(ExtensionPointImpl.java:33)
	at com.intellij.openapi.extensions.impl.ExtensionPointImpl$1.next(ExtensionPointImpl.java:355)
	at com.intellij.idea.ApplicationLoader.findAppStarter(ApplicationLoader.kt:595)
	at com.intellij.idea.ApplicationLoader.access$findAppStarter(ApplicationLoader.kt:1)
	at com.intellij.idea.ApplicationLoader$initApplication$block$3.apply(ApplicationLoader.kt:170)
	at com.intellij.idea.ApplicationLoader$initApplication$block$3.apply(ApplicationLoader.kt)
	at java.base/java.util.concurrent.CompletableFuture$UniCompose.tryFire(CompletableFuture.java:1150)
	at java.base/java.util.concurrent.CompletableFuture.postComplete(CompletableFuture.java:510)
	at java.base/java.util.concurrent.CompletableFuture.postFire(CompletableFuture.java:614)
	at java.base/java.util.concurrent.CompletableFuture$UniCompose.tryFire(CompletableFuture.java:1163)
	at java.base/java.util.concurrent.CompletableFuture$Completion.run(CompletableFuture.java:482)
	at com.intellij.idea.ApplicationLoader$initApplication$block$2.execute(ApplicationLoader.kt:142)
	at java.base/java.util.concurrent.CompletableFuture$UniCompletion.claim(CompletableFuture.java:572)
	at java.base/java.util.concurrent.CompletableFuture$UniCompose.tryFire(CompletableFuture.java:1147)
	at java.base/java.util.concurrent.CompletableFuture.postComplete(CompletableFuture.java:510)
	at java.base/java.util.concurrent.CompletableFuture.postFire(CompletableFuture.java:614)
	at java.base/java.util.concurrent.CompletableFuture$UniCompose.tryFire(CompletableFuture.java:1163)
	at java.base/java.util.concurrent.CompletableFuture$Completion.exec(CompletableFuture.java:483)
	at java.base/java.util.concurrent.ForkJoinTask.doExec(ForkJoinTask.java:373)
	at java.base/java.util.concurrent.ForkJoinPool$WorkQueue.topLevelExec(ForkJoinPool.java:1182)
	at java.base/java.util.concurrent.ForkJoinPool.scan(ForkJoinPool.java:1655)
	at java.base/java.util.concurrent.ForkJoinPool.runWorker(ForkJoinPool.java:1622)
	at java.base/java.util.concurrent.ForkJoinWorkerThread.run(ForkJoinWorkerThread.java:165)
2022-10-11 21:04:42,588 [   5763] SEVERE - #c.i.d.LoadingState - IntelliJ IDEA 2022.2.3  Build #IU-222.4345.14
2022-10-11 21:04:42,589 [   5764] SEVERE - #c.i.d.LoadingState - JDK: 17.0.4.1; VM: OpenJDK 64-Bit Server VM; Vendor: JetBrains s.r.o.
2022-10-11 21:04:42,590 [   5765] SEVERE - #c.i.d.LoadingState - OS: Linux
Info  | RdCoroutineScope          | 14:JobScheduler FJ pool 2/3 | RdCoroutineHost overridden 
2022-10-11 21:04:57,439 [  20614]   WARN - #c.i.o.a.i.ActionUpdater - 430 ms to grab EDT for #update@ToolwindowTitle (com.intellij.toolWindow.ToolWindowHeader$2)
2022-10-11 21:04:57,439 [  20614]   WARN - #c.i.o.a.i.ActionUpdater - 442 ms to grab EDT for CWMTelephonyGroup#update@NavBarToolbar (com.jetbrains.rd.platform.codeWithMe.telephony.CWMTelephonyGroup)
2022-10-11 21:05:00,449 [  23624]   WARN - #c.i.o.a.i.ActionUpdater - 1434 ms to call on BGT NewActionGroup#getChildren@MainMenu (com.intellij.ide.actions.NewActionGroup)
2022-10-11 21:05:06,457 [  29632]   WARN - #c.i.o.a.i.ActionUpdater - 1061 ms to call on BGT DefaultActionGroup#getChildren@ProjectViewPopup (CustomisedActionGroup/com.intellij.openapi.actionSystem.DefaultActionGroup)
2022-10-11 21:05:06,457 [  29632]   WARN - #c.i.o.a.i.ActionUpdater - 1667 ms to call on BGT DefaultActionGroup#getChildren@ProjectViewPopup (CustomisedActionGroup/com.intellij.openapi.actionSystem.DefaultActionGroup)
Changing log factory from com.intellij.idea.LoggerFactory to com.haulmont.jpb.logger.JpabLoggerFactory
java.lang.Throwable
	at com.intellij.openapi.diagnostic.Logger.logFactoryChanged(Logger.java:78)
	at com.intellij.openapi.diagnostic.Logger.setFactory(Logger.java:69)
	at com.haulmont.jpb.action.persistenceunit.PersistenceUnitStartupActivity.runActivity(PersistenceUnitStartupActivity.kt:42)
	at com.intellij.ide.startup.impl.StartupManagerImplKt.runStartupActivity(StartupManagerImpl.kt:511)
	at com.intellij.ide.startup.impl.StartupManagerImplKt.access$runStartupActivity(StartupManagerImpl.kt:1)
	at com.intellij.ide.startup.impl.StartupManagerImpl.runActivityAndMeasureDuration(StartupManagerImpl.kt:305)
	at com.intellij.ide.startup.impl.StartupManagerImpl.runActivityAndMeasureDuration$default(StartupManagerImpl.kt:296)
	at com.intellij.ide.startup.impl.StartupManagerImpl$runPostStartupActivities$1$2.run(StartupManagerImpl.kt:260)
	at com.intellij.openapi.project.DumbServiceImpl.doRun(DumbServiceImpl.java:395)
	at com.intellij.openapi.project.DumbServiceImpl.updateFinished(DumbServiceImpl.java:387)
	at com.intellij.openapi.project.TrackedEdtActivityService$TrackedEdtActivity.run(TrackedEdtActivityService.java:66)
	at com.intellij.openapi.application.TransactionGuardImpl.runWithWritingAllowed(TransactionGuardImpl.java:209)
	at com.intellij.openapi.application.TransactionGuardImpl.access$100(TransactionGuardImpl.java:21)
	at com.intellij.openapi.application.TransactionGuardImpl$1.run(TransactionGuardImpl.java:191)
	at com.intellij.openapi.application.impl.ApplicationImpl.runIntendedWriteActionOnCurrentThread(ApplicationImpl.java:881)
	at com.intellij.openapi.application.impl.ApplicationImpl$3.run(ApplicationImpl.java:513)
	at com.intellij.openapi.application.impl.FlushQueue.doRun(FlushQueue.java:75)
	at com.intellij.openapi.application.impl.FlushQueue.runNextEvent(FlushQueue.java:118)
	at com.intellij.openapi.application.impl.FlushQueue.flushNow(FlushQueue.java:42)
	at java.desktop/java.awt.event.InvocationEvent.dispatch(InvocationEvent.java:318)
	at java.desktop/java.awt.EventQueue.dispatchEventImpl(EventQueue.java:779)
	at java.desktop/java.awt.EventQueue$4.run(EventQueue.java:730)
	at java.desktop/java.awt.EventQueue$4.run(EventQueue.java:724)
	at java.base/java.security.AccessController.doPrivileged(AccessController.java:399)
	at java.base/java.security.ProtectionDomain$JavaSecurityAccessImpl.doIntersectionPrivilege(ProtectionDomain.java:86)
	at java.desktop/java.awt.EventQueue.dispatchEvent(EventQueue.java:749)
	at com.intellij.ide.IdeEventQueue.defaultDispatchEvent(IdeEventQueue.java:918)
	at com.intellij.ide.IdeEventQueue._dispatchEvent(IdeEventQueue.java:766)
	at com.intellij.ide.IdeEventQueue.lambda$dispatchEvent$6(IdeEventQueue.java:450)
	at com.intellij.openapi.progress.impl.CoreProgressManager.computePrioritized(CoreProgressManager.java:791)
	at com.intellij.ide.IdeEventQueue.lambda$dispatchEvent$7(IdeEventQueue.java:449)
	at com.intellij.openapi.application.TransactionGuardImpl.performActivity(TransactionGuardImpl.java:105)
	at com.intellij.ide.IdeEventQueue.performActivity(IdeEventQueue.java:624)
	at com.intellij.ide.IdeEventQueue.lambda$dispatchEvent$8(IdeEventQueue.java:447)
	at com.intellij.openapi.application.impl.ApplicationImpl.runIntendedWriteActionOnCurrentThread(ApplicationImpl.java:881)
	at com.intellij.ide.IdeEventQueue.dispatchEvent(IdeEventQueue.java:493)
	at java.desktop/java.awt.EventDispatchThread.pumpOneEventForFilters(EventDispatchThread.java:207)
	at java.desktop/java.awt.EventDispatchThread.pumpEventsForFilter(EventDispatchThread.java:128)
	at java.desktop/java.awt.EventDispatchThread.pumpEventsForHierarchy(EventDispatchThread.java:117)
	at java.desktop/java.awt.EventDispatchThread.pumpEvents(EventDispatchThread.java:113)
	at java.desktop/java.awt.EventDispatchThread.pumpEvents(EventDispatchThread.java:105)
	at java.desktop/java.awt.EventDispatchThread.run(EventDispatchThread.java:92)

2022-10-11 21:05:10,219 [  33394]   WARN - #c.i.u.x.Binding - no accessors for com.haulmont.jpb.model.dbtype.DbType
2022-10-11 21:05:11,169 [  34344]   WARN - #i.o.i.s.a.p.s.s.SuggestionServiceImpl - Detected conflict between a new group & existing property for suggestion path file.logging. Ignoring property. Existing non property node belongs to (file:///home/dan/.m2/repository/org/springframework/boot/spring-boot/2.7.0/spring-boot-2.7.0.jar), New property belongs to file:///home/dan/.m2/repository/org/springframework/boot/spring-boot/2.7.0/spring-boot-2.7.0.jar
2022-10-11 21:05:11,169 [  34344]   WARN - #i.o.i.s.a.p.s.s.SuggestionServiceImpl - Detected conflict between a new group & existing property for suggestion path file.logging. Ignoring property. Existing non property node belongs to (file:///home/dan/.m2/repository/org/springframework/boot/spring-boot/2.7.0/spring-boot-2.7.0.jar), New property belongs to file:///home/dan/.m2/repository/org/springframework/boot/spring-boot/2.7.0/spring-boot-2.7.0.jar
2022-10-11 21:05:11,170 [  34345]   WARN - #i.o.i.s.a.p.s.s.SuggestionServiceImpl - Detected conflict between a new group & existing property for suggestion path file.logging. Ignoring property. Existing non property node belongs to (file:///home/dan/.m2/repository/org/springframework/boot/spring-boot/2.7.0/spring-boot-2.7.0.jar), New property belongs to file:///home/dan/.m2/repository/org/springframework/boot/spring-boot/2.7.0/spring-boot-2.7.0.jar
2022-10-11 21:05:11,170 [  34345]   WARN - #i.o.i.s.a.p.s.s.SuggestionServiceImpl - Detected conflict between a new group & existing property for suggestion path file.logging. Ignoring property. Existing non property node belongs to (file:///home/dan/.m2/repository/org/springframework/boot/spring-boot/2.7.0/spring-boot-2.7.0.jar), New property belongs to file:///home/dan/.m2/repository/org/springframework/boot/spring-boot/2.7.0/spring-boot-2.7.0.jar
2022-10-11 21:05:11,170 [  34345]   WARN - #i.o.i.s.a.p.s.s.SuggestionServiceImpl - Detected conflict between a new group & existing property for suggestion path file.logging. Ignoring property. Existing non property node belongs to (file:///home/dan/.m2/repository/org/springframework/boot/spring-boot/2.7.0/spring-boot-2.7.0.jar), New property belongs to file:///home/dan/.m2/repository/org/springframework/boot/spring-boot/2.7.0/spring-boot-2.7.0.jar
2022-10-11 21:05:11,171 [  34346]   WARN - #i.o.i.s.a.p.s.s.SuggestionServiceImpl - Detected conflict between a new group & existing property for suggestion path file.logging. Ignoring property. Existing non property node belongs to (file:///home/dan/.m2/repository/org/springframework/boot/spring-boot/2.7.0/spring-boot-2.7.0.jar), New property belongs to file:///home/dan/.m2/repository/org/springframework/boot/spring-boot/2.7.0/spring-boot-2.7.0.jar
2022-10-11 21:05:11,178 [  34353]   WARN - #i.o.i.s.a.p.s.s.SuggestionServiceImpl - Detected conflict between a new group & existing property for suggestion path profiles.spring. Ignoring property. Existing non property node belongs to (file:///home/dan/.m2/repository/org/springframework/boot/spring-boot/2.7.0/spring-boot-2.7.0.jar), New property belongs to file:///home/dan/.m2/repository/org/springframework/boot/spring-boot/2.7.0/spring-boot-2.7.0.jar
2022-10-11 21:05:11,179 [  34354]   WARN - #i.o.i.s.a.p.s.s.SuggestionServiceImpl - Detected conflict between a new group & existing property for suggestion path profiles.spring. Ignoring property. Existing non property node belongs to (file:///home/dan/.m2/repository/org/springframework/boot/spring-boot/2.7.0/spring-boot-2.7.0.jar), New property belongs to file:///home/dan/.m2/repository/org/springframework/boot/spring-boot/2.7.0/spring-boot-2.7.0.jar
2022-10-11 21:05:11,179 [  34354]   WARN - #i.o.i.s.a.p.s.s.SuggestionServiceImpl - Detected conflict between a new group & existing property for suggestion path profiles.spring. Ignoring property. Existing non property node belongs to (file:///home/dan/.m2/repository/org/springframework/boot/spring-boot/2.7.0/spring-boot-2.7.0.jar), New property belongs to file:///home/dan/.m2/repository/org/springframework/boot/spring-boot/2.7.0/spring-boot-2.7.0.jar
2022-10-11 21:05:11,180 [  34355]   WARN - #i.o.i.s.a.p.s.s.SuggestionServiceImpl - Detected conflict between a new group & existing property for suggestion path profiles.spring. Ignoring property. Existing non property node belongs to (file:///home/dan/.m2/repository/org/springframework/boot/spring-boot/2.7.0/spring-boot-2.7.0.jar), New property belongs to file:///home/dan/.m2/repository/org/springframework/boot/spring-boot/2.7.0/spring-boot-2.7.0.jar
2022-10-11 21:05:11,181 [  34356]   WARN - #i.o.i.s.a.p.s.s.SuggestionServiceImpl - Unexpected hint spring.profiles.active is assigned to  group spring found. Hints can be only assigned to property. Ignoring the hint completely.Existing group belongs to (file:///home/dan/.m2/repository/org/springframework/boot/spring-boot/2.7.0/spring-boot-2.7.0.jar,file:///home/dan/.m2/repository/org/springframework/boot/spring-boot-devtools/2.7.0/spring-boot-devtools-2.7.0.jar), New hint belongs file:///home/dan/.m2/repository/org/springframework/boot/spring-boot/2.7.0/spring-boot-2.7.0.jar
2022-10-11 21:05:11,181 [  34356]   WARN - #i.o.i.s.a.p.s.s.SuggestionServiceImpl - Unexpected hint spring.profiles.include is assigned to  group spring found. Hints can be only assigned to property. Ignoring the hint completely.Existing group belongs to (file:///home/dan/.m2/repository/org/springframework/boot/spring-boot/2.7.0/spring-boot-2.7.0.jar,file:///home/dan/.m2/repository/org/springframework/boot/spring-boot-devtools/2.7.0/spring-boot-devtools-2.7.0.jar), New hint belongs file:///home/dan/.m2/repository/org/springframework/boot/spring-boot/2.7.0/spring-boot-2.7.0.jar
2022-10-11 21:05:12,464 [  35639]   WARN - #i.o.i.s.a.p.s.s.SuggestionServiceImpl - Unexpected hint spring.data.mongodb.grid-fs-database is assigned to  group data.spring found. Hints can be only assigned to property. Ignoring the hint completely.Existing group belongs to (file:///home/dan/.m2/repository/org/springframework/boot/spring-boot-autoconfigure/2.7.0/spring-boot-autoconfigure-2.7.0.jar), New hint belongs file:///home/dan/.m2/repository/org/springframework/boot/spring-boot-autoconfigure/2.7.0/spring-boot-autoconfigure-2.7.0.jar
2022-10-11 21:05:14,292 [  37467]   WARN - #c.i.o.a.i.ActionUpdater - 515 ms to grab EDT for #update@ToolwindowTitle (com.intellij.toolWindow.ToolWindowHeader$2)
2022-10-11 21:05:14,297 [  37472]   WARN - #c.i.o.a.i.ActionUpdater - 477 ms to grab EDT for #update@ToolwindowTitle (com.intellij.toolWindow.ToolWindowHeader$2)
2022-10-11 21:05:27,925 [  51100]   WARN - #c.i.i.s.download - Shared indexes download was cancelled. Indexing has completed faster
2022-10-11 21:05:53,809 [  76984]   WARN - #c.i.u.x.Binding - no accessors for org.jetbrains.idea.perforce.perforce.ConnectionId
CompileCommand: exclude com/intellij/openapi/vfs/impl/FilePartNodeRoot.trieDescend bool exclude = true
2023-05-29 21:59:46,134 [   2962]   WARN - #c.i.o.a.i.ActionManagerImpl - keymap "VSCode" not found PluginDescriptor(name=Terminal, id=org.jetbrains.plugins.terminal, descriptorPath=plugin.xml, path=~/Programas/idea-IU-222.4167.29/plugins/terminal, version=231.9011.34, package=null, isBundled=true)
2023-05-29 21:59:48,852 [   5680]   WARN - #c.i.o.v.n.p.l.VfsLog - VFS Log version differs from the implementation version: log null vs implementation -43
2023-05-29 21:59:50,400 [   7228]   WARN - #c.j.p.PluginClassPathRuntimeCustomizer - There was more than one class loaded in Projector Plugin classloader - this is likely a bug!
2023-05-29 21:59:55,593 [  12421]   WARN - #c.i.o.w.i.s.w.StatusBarWidgetsManager - ai.codegeex.plugin.statusBar.WidgetFactory doesn't define id for extension (point=com.intellij.statusBarWidgetFactory). Please specify `id` attribute.
Info  | RdCoroutineScope          | 65:DefaultDispatcher-worker-48 | RdCoroutineHost overridden 
java.awt.datatransfer.UnsupportedFlavorException: Unicode String
	at java.desktop/sun.awt.datatransfer.SunClipboard.getData(SunClipboard.java:215)
	at uk.me.jeffsutton.ReSTWindowFactory$8.insertUpdate(ReSTWindowFactory.java:222)
	at java.desktop/javax.swing.text.AbstractDocument.fireInsertUpdate(AbstractDocument.java:226)
	at java.desktop/javax.swing.text.AbstractDocument.handleInsertString(AbstractDocument.java:780)
	at java.desktop/javax.swing.text.AbstractDocument.insertString(AbstractDocument.java:739)
	at java.desktop/javax.swing.text.PlainDocument.insertString(PlainDocument.java:131)
	at java.desktop/javax.swing.text.AbstractDocument.replace(AbstractDocument.java:698)
	at java.desktop/javax.swing.text.JTextComponent.setText(JTextComponent.java:1729)
	at uk.me.jeffsutton.ReSTWindowFactory.createToolWindowContent(ReSTWindowFactory.java:517)
	at com.intellij.openapi.wm.impl.ToolWindowImpl.createContentIfNeeded(ToolWindowImpl.kt:548)
	at com.intellij.openapi.wm.impl.ToolWindowImpl.scheduleContentInitializationIfNeeded$intellij_platform_ide_impl(ToolWindowImpl.kt:527)
	at com.intellij.openapi.wm.impl.ToolWindowManagerImpl.doShowWindow(ToolWindowManagerImpl.kt:983)
	at com.intellij.openapi.wm.impl.ToolWindowManagerImpl.showToolWindowImpl(ToolWindowManagerImpl.kt:920)
	at com.intellij.openapi.wm.impl.ToolWindowManagerImpl.showToolWindowImpl$default(ToolWindowManagerImpl.kt:906)
	at com.intellij.openapi.wm.impl.ToolWindowManagerImpl.registerToolWindow$intellij_platform_ide_impl(ToolWindowManagerImpl.kt:1094)
	at com.intellij.toolWindow.ToolWindowSetInitializerKt.registerToolWindows(ToolWindowSetInitializer.kt:176)
	at com.intellij.toolWindow.ToolWindowSetInitializerKt.access$registerToolWindows(ToolWindowSetInitializer.kt:1)
	at com.intellij.toolWindow.ToolWindowSetInitializer$createAndLayoutToolWindows$entries$1.invokeSuspend(ToolWindowSetInitializer.kt:125)
	at kotlin.coroutines.jvm.internal.BaseContinuationImpl.resumeWith(ContinuationImpl.kt:33)
	at kotlinx.coroutines.DispatchedTask.run(DispatchedTask.kt:106)
	at com.intellij.openapi.application.TransactionGuardImpl$1.run(TransactionGuardImpl.java:194)
	at com.intellij.openapi.application.impl.ApplicationImpl.runIntendedWriteActionOnCurrentThread(ApplicationImpl.java:831)
	at com.intellij.openapi.application.impl.ApplicationImpl$3.run(ApplicationImpl.java:456)
	at com.intellij.openapi.application.impl.FlushQueue.doRun(FlushQueue.java:79)
	at com.intellij.openapi.application.impl.FlushQueue.runNextEvent(FlushQueue.java:122)
	at com.intellij.openapi.application.impl.FlushQueue.flushNow(FlushQueue.java:41)
	at java.desktop/java.awt.event.InvocationEvent.dispatch(InvocationEvent.java:318)
	at java.desktop/java.awt.EventQueue.dispatchEventImpl(EventQueue.java:788)
	at java.desktop/java.awt.EventQueue$3.run(EventQueue.java:739)
	at java.desktop/java.awt.EventQueue$3.run(EventQueue.java:731)
	at java.base/java.security.AccessController.doPrivileged(AccessController.java:399)
	at java.base/java.security.ProtectionDomain$JavaSecurityAccessImpl.doIntersectionPrivilege(ProtectionDomain.java:86)
	at java.desktop/java.awt.EventQueue.dispatchEvent(EventQueue.java:758)
	at com.intellij.ide.IdeEventQueue.defaultDispatchEvent(IdeEventQueue.kt:667)
	at com.intellij.ide.IdeEventQueue._dispatchEvent$lambda$7(IdeEventQueue.kt:571)
	at com.intellij.openapi.application.impl.ApplicationImpl.withoutImplicitRead(ApplicationImpl.java:1446)
	at com.intellij.ide.IdeEventQueue._dispatchEvent(IdeEventQueue.kt:571)
	at com.intellij.ide.IdeEventQueue.access$_dispatchEvent(IdeEventQueue.kt:68)
	at com.intellij.ide.IdeEventQueue$dispatchEvent$processEventRunnable$1$1$1.compute(IdeEventQueue.kt:349)
	at com.intellij.ide.IdeEventQueue$dispatchEvent$processEventRunnable$1$1$1.compute(IdeEventQueue.kt:348)
	at com.intellij.openapi.progress.impl.CoreProgressManager.computePrioritized(CoreProgressManager.java:787)
	at com.intellij.ide.IdeEventQueue$dispatchEvent$processEventRunnable$1$1.invoke(IdeEventQueue.kt:348)
	at com.intellij.ide.IdeEventQueue$dispatchEvent$processEventRunnable$1$1.invoke(IdeEventQueue.kt:343)
	at com.intellij.ide.IdeEventQueueKt.performActivity$lambda$1(IdeEventQueue.kt:995)
	at com.intellij.openapi.application.TransactionGuardImpl.performActivity(TransactionGuardImpl.java:105)
	at com.intellij.ide.IdeEventQueueKt.performActivity(IdeEventQueue.kt:995)
	at com.intellij.ide.IdeEventQueue.dispatchEvent$lambda$4(IdeEventQueue.kt:343)
	at com.intellij.openapi.application.impl.ApplicationImpl.runIntendedWriteActionOnCurrentThread(ApplicationImpl.java:831)
	at com.intellij.ide.IdeEventQueue.dispatchEvent(IdeEventQueue.kt:385)
	at java.desktop/java.awt.EventDispatchThread.pumpOneEventForFilters(EventDispatchThread.java:207)
	at java.desktop/java.awt.EventDispatchThread.pumpEventsForFilter(EventDispatchThread.java:128)
	at java.desktop/java.awt.EventDispatchThread.pumpEventsForHierarchy(EventDispatchThread.java:117)
	at java.desktop/java.awt.EventDispatchThread.pumpEvents(EventDispatchThread.java:113)
	at java.desktop/java.awt.EventDispatchThread.pumpEvents(EventDispatchThread.java:105)
	at java.desktop/java.awt.EventDispatchThread.run(EventDispatchThread.java:92)
2023-05-29 22:00:00,606 [  17434]   WARN - #c.i.o.a.i.ActionUpdater - 975 ms to grab EDT for ToolWindowHeader$2#update@ToolwindowTitle (com.intellij.toolWindow.ToolWindowHeader$2)
2023-05-29 22:00:04,510 [  21338]   WARN - #c.i.o.a.i.ActionUpdater - 906 ms to grab EDT for ExpandAllAction#update@ToolwindowTitle (com.intellij.ide.actions.ExpandAllAction)
2023-05-29 22:00:05,371 [  22199]   WARN - #c.i.o.a.i.ActionUpdater - 860 ms to grab EDT for CollapseAllAction#update@ToolwindowTitle (com.intellij.ide.actions.CollapseAllAction)
2023-05-29 22:00:06,175 [  23003]   WARN - #c.i.o.a.i.ActionUpdater - 2861 ms to call on BGT DefaultActionGroup#getChildren@ProjectViewPopup(preload-bgt) (CustomisedActionGroup/com.intellij.openapi.actionSystem.DefaultActionGroup)
2023-05-29 22:00:06,231 [  23059]   WARN - #c.i.o.a.i.ActionUpdater - 857 ms to grab EDT for DockToolWindowAction#update@ToolwindowTitle (com.intellij.openapi.wm.impl.DockToolWindowAction)
2023-05-29 22:00:06,923 [  23751]   WARN - #c.i.i.s.p.i.BundledSharedIndexPostStartupActivity - Skipped 1 pre-built shared indexes: bundled-js-predefined-1d06a55b98c1-e95fd0b84d23-JavaScript-IU-231.9011.34
2023-05-29 22:00:07,656 [  24484]   WARN - #o.j.i.maven - doScheduleUpdateProjects: Linear Import is disabled
2023-05-29 22:00:07,999 [  24827]   WARN - #c.i.o.a.i.ActionUpdater - 1170 ms to grab EDT for ToolWindowHeader$2#update@ToolwindowTitle (com.intellij.toolWindow.ToolWindowHeader$2)
2023-05-29 22:00:08,043 [  24871]   WARN - #c.i.o.a.i.ActionUpdater - 1863 ms to call on BGT WeighingNewActionGroup#getChildren@ProjectViewPopup(preload-bgt) (com.intellij.ide.actions.WeighingNewActionGroup)
2023-05-29 22:00:48,701 [  65529]   WARN - #c.i.o.a.e.ActionUtil - Action is not performed because target component is not showing: action=com.intellij.toolWindow.ToolWindowHeader$HideAction, component=javax.swing.JPanel
2023-05-29 22:00:53,162 [  69990]   WARN - #c.i.o.a.e.ActionUtil - Action is not performed because target component is not showing: action=com.intellij.toolWindow.ToolWindowHeader$HideAction, component=javax.swing.JPanel
2023-05-29 22:00:59,400 [  76228]   WARN - #c.i.o.a.ActionStub - ActionGroup should be registered using <group> tag: id="Ignore.New" class="mobi.hsz.idea.gitignore.actions.NewFileGroupAction"
2023-05-29 22:01:02,340 [  79168] SEVERE - #c.i.o.a.i.ActionUpdater - UnignoreFileGroupAction#getChildren@EditorPopup(preload-bgt) (mobi.hsz.idea.gitignore.actions.UnignoreFileGroupAction), actionId=Ignore.UnignoreGroup, text='Add to ignore file (unignore)'
java.util.ConcurrentModificationException
	at java.base/java.util.LinkedHashMap$LinkedHashIterator.nextNode(LinkedHashMap.java:756)
	at java.base/java.util.LinkedHashMap$LinkedEntryIterator.next(LinkedHashMap.java:788)
	at java.base/java.util.LinkedHashMap$LinkedEntryIterator.next(LinkedHashMap.java:786)
	at mobi.hsz.idea.gitignore.actions.IgnoreFileGroupAction.getChildren(IgnoreFileGroupAction.kt:169)
	at com.intellij.openapi.actionSystem.impl.ActionUpdater.doGetChildren(ActionUpdater.java:737)
	at com.intellij.openapi.actionSystem.impl.ActionUpdater.lambda$new$1(ActionUpdater.java:129)
	at com.intellij.openapi.actionSystem.impl.ActionUpdater.lambda$callAction$5(ActionUpdater.java:190)
	at com.intellij.diagnostic.telemetry.TraceKt.computeWithSpan(trace.kt:123)
	at com.intellij.openapi.actionSystem.impl.ActionUpdater.callAction(ActionUpdater.java:186)
	at com.intellij.openapi.actionSystem.impl.ActionUpdater.callAction(ActionUpdater.java:165)
	at com.intellij.openapi.actionSystem.impl.ActionUpdater.lambda$new$2(ActionUpdater.java:129)
	at com.intellij.openapi.actionSystem.impl.ActionUpdater.lambda$getGroupChildren$23(ActionUpdater.java:537)
	at java.base/java.util.concurrent.ConcurrentHashMap.computeIfAbsent(ConcurrentHashMap.java:1708)
	at com.intellij.openapi.actionSystem.impl.ActionUpdater.getGroupChildren(ActionUpdater.java:545)
	at com.intellij.openapi.actionSystem.impl.ActionUpdater.doExpandActionGroup(ActionUpdater.java:521)
	at com.intellij.openapi.actionSystem.impl.ActionUpdater.expandGroupChild(ActionUpdater.java:613)
	at com.intellij.openapi.actionSystem.impl.ActionUpdater.lambda$doExpandActionGroup$22(ActionUpdater.java:522)
	at com.intellij.util.containers.ContainerUtil.concat(ContainerUtil.java:1538)
	at com.intellij.openapi.actionSystem.impl.ActionUpdater.doExpandActionGroup(ActionUpdater.java:522)
	at com.intellij.openapi.actionSystem.impl.ActionUpdater.expandActionGroup(ActionUpdater.java:310)
	at com.intellij.openapi.actionSystem.impl.ActionUpdater.lambda$doExpandActionGroupAsync$14(ActionUpdater.java:373)
	at com.intellij.openapi.actionSystem.impl.ActionUpdater.lambda$doExpandActionGroupAsync$15(ActionUpdater.java:393)
	at com.intellij.openapi.application.impl.ApplicationImpl.tryRunReadAction(ApplicationImpl.java:1102)
	at com.intellij.openapi.actionSystem.impl.ActionUpdater.lambda$tryRunReadActionAndCancelBeforeWrite$19(ActionUpdater.java:425)
	at com.intellij.openapi.progress.util.ProgressIndicatorUtilService.runActionAndCancelBeforeWrite(ProgressIndicatorUtilService.java:63)
	at com.intellij.openapi.progress.util.ProgressIndicatorUtils.runActionAndCancelBeforeWrite(ProgressIndicatorUtils.java:129)
	at com.intellij.openapi.actionSystem.impl.ActionUpdater.tryRunReadActionAndCancelBeforeWrite(ActionUpdater.java:421)
	at com.intellij.openapi.actionSystem.impl.ActionUpdater.lambda$doExpandActionGroupAsync$16(ActionUpdater.java:393)
	at com.intellij.openapi.progress.impl.CoreProgressManager.lambda$runProcess$2(CoreProgressManager.java:186)
	at com.intellij.openapi.progress.impl.CoreProgressManager.lambda$executeProcessUnderProgress$13(CoreProgressManager.java:604)
	at com.intellij.openapi.progress.impl.CoreProgressManager.registerIndicatorAndRun(CoreProgressManager.java:679)
	at com.intellij.openapi.progress.impl.CoreProgressManager.computeUnderProgress(CoreProgressManager.java:635)
	at com.intellij.openapi.progress.impl.CoreProgressManager.executeProcessUnderProgress(CoreProgressManager.java:603)
	at com.intellij.openapi.progress.impl.ProgressManagerImpl.executeProcessUnderProgress(ProgressManagerImpl.java:60)
	at com.intellij.openapi.progress.impl.CoreProgressManager.runProcess(CoreProgressManager.java:173)
	at com.intellij.openapi.progress.util.BackgroundTaskUtil.runUnderDisposeAwareIndicator(BackgroundTaskUtil.java:361)
	at com.intellij.openapi.actionSystem.impl.ActionUpdater.lambda$doExpandActionGroupAsync$17(ActionUpdater.java:392)
	at io.opentelemetry.context.Context.lambda$wrap$1(Context.java:212)
	at com.intellij.util.concurrency.BoundedTaskExecutor.doRun(BoundedTaskExecutor.java:248)
	at com.intellij.util.concurrency.BoundedTaskExecutor.access$200(BoundedTaskExecutor.java:28)
	at com.intellij.util.concurrency.BoundedTaskExecutor$1.executeFirstTaskAndHelpQueue(BoundedTaskExecutor.java:221)
	at com.intellij.util.ConcurrencyUtil.runUnderThreadName(ConcurrencyUtil.java:227)
	at com.intellij.util.concurrency.BoundedTaskExecutor$1.run(BoundedTaskExecutor.java:210)
	at java.base/java.util.concurrent.ThreadPoolExecutor.runWorker(ThreadPoolExecutor.java:1136)
	at java.base/java.util.concurrent.ThreadPoolExecutor$Worker.run(ThreadPoolExecutor.java:635)
	at java.base/java.util.concurrent.Executors$PrivilegedThreadFactory$1$1.run(Executors.java:702)
	at java.base/java.util.concurrent.Executors$PrivilegedThreadFactory$1$1.run(Executors.java:699)
	at java.base/java.security.AccessController.doPrivileged(AccessController.java:399)
	at java.base/java.util.concurrent.Executors$PrivilegedThreadFactory$1.run(Executors.java:699)
	at java.base/java.lang.Thread.run(Thread.java:833)
2023-05-29 22:01:02,357 [  79185] SEVERE - #c.i.o.a.i.ActionUpdater - IntelliJ IDEA 2023.1.2  Build #IU-231.9011.34
2023-05-29 22:01:02,358 [  79186] SEVERE - #c.i.o.a.i.ActionUpdater - JDK: 17.0.6; VM: OpenJDK 64-Bit Server VM; Vendor: JetBrains s.r.o.
2023-05-29 22:01:02,359 [  79187] SEVERE - #c.i.o.a.i.ActionUpdater - OS: Linux
2023-05-29 22:01:02,361 [  79189] SEVERE - #c.i.o.a.i.ActionUpdater - Plugin to blame: .ignore version: 4.5.0
Changing log factory from com.intellij.idea.LoggerFactory to com.haulmont.jpb.logger.JpabLoggerFactory
java.lang.Throwable
	at com.intellij.openapi.diagnostic.Logger.logFactoryChanged(Logger.java:79)
	at com.intellij.openapi.diagnostic.Logger.setFactory(Logger.java:70)
	at com.haulmont.jpb.action.persistenceunit.PersistenceUnitStartupActivity.runActivity(PersistenceUnitStartupActivity.kt:44)
	at com.intellij.ide.startup.impl.StartupManagerImpl.runActivityAndMeasureDuration(StartupManagerImpl.kt:328)
	at com.intellij.ide.startup.impl.StartupManagerImpl.access$runActivityAndMeasureDuration(StartupManagerImpl.kt:69)
	at com.intellij.ide.startup.impl.StartupManagerImpl$runPostStartupActivities$4$3.invoke$lambda$0(StartupManagerImpl.kt:284)
	at com.intellij.openapi.project.SmartModeScheduler.doRun(SmartModeScheduler.kt:124)
	at com.intellij.openapi.project.SmartModeScheduler.runAllWhileSmart(SmartModeScheduler.kt:117)
	at com.intellij.openapi.application.TransactionGuardImpl.runWithWritingAllowed(TransactionGuardImpl.java:209)
	at com.intellij.openapi.application.TransactionGuardImpl.access$100(TransactionGuardImpl.java:21)
	at com.intellij.openapi.application.TransactionGuardImpl$1.run(TransactionGuardImpl.java:191)
	at com.intellij.openapi.application.impl.ApplicationImpl.runIntendedWriteActionOnCurrentThread(ApplicationImpl.java:831)
	at com.intellij.openapi.application.impl.ApplicationImpl$3.run(ApplicationImpl.java:456)
	at com.intellij.openapi.application.impl.FlushQueue.doRun(FlushQueue.java:79)
	at com.intellij.openapi.application.impl.FlushQueue.runNextEvent(FlushQueue.java:122)
	at com.intellij.openapi.application.impl.FlushQueue.flushNow(FlushQueue.java:41)
	at java.desktop/java.awt.event.InvocationEvent.dispatch(InvocationEvent.java:318)
	at java.desktop/java.awt.EventQueue.dispatchEventImpl(EventQueue.java:788)
	at java.desktop/java.awt.EventQueue$3.run(EventQueue.java:739)
	at java.desktop/java.awt.EventQueue$3.run(EventQueue.java:731)
	at java.base/java.security.AccessController.doPrivileged(AccessController.java:399)
	at java.base/java.security.ProtectionDomain$JavaSecurityAccessImpl.doIntersectionPrivilege(ProtectionDomain.java:86)
	at java.desktop/java.awt.EventQueue.dispatchEvent(EventQueue.java:758)
	at com.intellij.ide.IdeEventQueue.defaultDispatchEvent(IdeEventQueue.kt:667)
	at com.intellij.ide.IdeEventQueue._dispatchEvent$lambda$7(IdeEventQueue.kt:571)
	at com.intellij.openapi.application.impl.ApplicationImpl.withoutImplicitRead(ApplicationImpl.java:1446)
	at com.intellij.ide.IdeEventQueue._dispatchEvent(IdeEventQueue.kt:571)
	at com.intellij.ide.IdeEventQueue.access$_dispatchEvent(IdeEventQueue.kt:68)
	at com.intellij.ide.IdeEventQueue$dispatchEvent$processEventRunnable$1$1$1.compute(IdeEventQueue.kt:349)
	at com.intellij.ide.IdeEventQueue$dispatchEvent$processEventRunnable$1$1$1.compute(IdeEventQueue.kt:348)
	at com.intellij.openapi.progress.impl.CoreProgressManager.computePrioritized(CoreProgressManager.java:787)
	at com.intellij.ide.IdeEventQueue$dispatchEvent$processEventRunnable$1$1.invoke(IdeEventQueue.kt:348)
	at com.intellij.ide.IdeEventQueue$dispatchEvent$processEventRunnable$1$1.invoke(IdeEventQueue.kt:343)
	at com.intellij.ide.IdeEventQueueKt.performActivity$lambda$1(IdeEventQueue.kt:995)
	at com.intellij.openapi.application.TransactionGuardImpl.performActivity(TransactionGuardImpl.java:105)
	at com.intellij.ide.IdeEventQueueKt.performActivity(IdeEventQueue.kt:995)
	at com.intellij.ide.IdeEventQueue.dispatchEvent$lambda$4(IdeEventQueue.kt:343)
	at com.intellij.openapi.application.impl.ApplicationImpl.runIntendedWriteActionOnCurrentThread(ApplicationImpl.java:831)
	at com.intellij.ide.IdeEventQueue.dispatchEvent(IdeEventQueue.kt:385)
	at java.desktop/java.awt.EventDispatchThread.pumpOneEventForFilters(EventDispatchThread.java:207)
	at java.desktop/java.awt.EventDispatchThread.pumpEventsForFilter(EventDispatchThread.java:128)
	at java.desktop/java.awt.EventDispatchThread.pumpEventsForHierarchy(EventDispatchThread.java:117)
	at java.desktop/java.awt.EventDispatchThread.pumpEvents(EventDispatchThread.java:113)
	at java.desktop/java.awt.EventDispatchThread.pumpEvents(EventDispatchThread.java:105)
	at java.desktop/java.awt.EventDispatchThread.run(EventDispatchThread.java:92)

2023-05-29 22:01:26,229 [ 103057]   WARN - #c.i.u.x.Binding - no accessors for com.haulmont.jpb.model.dbtype.DbType
2023-05-29 22:01:26,887 [ 103715]   WARN - #in.oneton.idea.spring.assistant.plugin.suggestion.service.SuggestionServiceImpl - Detected conflict between a new group & existing property for suggestion path file.logging. Ignoring property. Existing non property node belongs to (file:///home/dan/.m2/repository/org/springframework/boot/spring-boot/3.0.6/spring-boot-3.0.6.jar), New property belongs to file:///home/dan/.m2/repository/org/springframework/boot/spring-boot/3.0.6/spring-boot-3.0.6.jar
2023-05-29 22:01:26,888 [ 103716]   WARN - #in.oneton.idea.spring.assistant.plugin.suggestion.service.SuggestionServiceImpl - Detected conflict between a new group & existing property for suggestion path file.logging. Ignoring property. Existing non property node belongs to (file:///home/dan/.m2/repository/org/springframework/boot/spring-boot/3.0.6/spring-boot-3.0.6.jar), New property belongs to file:///home/dan/.m2/repository/org/springframework/boot/spring-boot/3.0.6/spring-boot-3.0.6.jar
2023-05-29 22:01:26,889 [ 103717]   WARN - #in.oneton.idea.spring.assistant.plugin.suggestion.service.SuggestionServiceImpl - Detected conflict between a new group & existing property for suggestion path file.logging. Ignoring property. Existing non property node belongs to (file:///home/dan/.m2/repository/org/springframework/boot/spring-boot/3.0.6/spring-boot-3.0.6.jar), New property belongs to file:///home/dan/.m2/repository/org/springframework/boot/spring-boot/3.0.6/spring-boot-3.0.6.jar
2023-05-29 22:01:26,889 [ 103717]   WARN - #in.oneton.idea.spring.assistant.plugin.suggestion.service.SuggestionServiceImpl - Detected conflict between a new group & existing property for suggestion path file.logging. Ignoring property. Existing non property node belongs to (file:///home/dan/.m2/repository/org/springframework/boot/spring-boot/3.0.6/spring-boot-3.0.6.jar), New property belongs to file:///home/dan/.m2/repository/org/springframework/boot/spring-boot/3.0.6/spring-boot-3.0.6.jar
2023-05-29 22:01:26,890 [ 103718]   WARN - #in.oneton.idea.spring.assistant.plugin.suggestion.service.SuggestionServiceImpl - Detected conflict between a new group & existing property for suggestion path file.logging. Ignoring property. Existing non property node belongs to (file:///home/dan/.m2/repository/org/springframework/boot/spring-boot/3.0.6/spring-boot-3.0.6.jar), New property belongs to file:///home/dan/.m2/repository/org/springframework/boot/spring-boot/3.0.6/spring-boot-3.0.6.jar
2023-05-29 22:01:26,890 [ 103718]   WARN - #in.oneton.idea.spring.assistant.plugin.suggestion.service.SuggestionServiceImpl - Detected conflict between a new group & existing property for suggestion path file.logging. Ignoring property. Existing non property node belongs to (file:///home/dan/.m2/repository/org/springframework/boot/spring-boot/3.0.6/spring-boot-3.0.6.jar), New property belongs to file:///home/dan/.m2/repository/org/springframework/boot/spring-boot/3.0.6/spring-boot-3.0.6.jar
2023-05-29 22:01:28,694 [ 105522]   WARN - #in.oneton.idea.spring.assistant.plugin.suggestion.service.SuggestionServiceImpl - Unexpected hint spring.webflux.multipart.streaming is assigned to  group webflux.spring found. Hints can be only assigned to property. Ignoring the hint completely.Existing group belongs to (file:///home/dan/.m2/repository/org/springframework/boot/spring-boot-autoconfigure/3.0.6/spring-boot-autoconfigure-3.0.6.jar), New hint belongs file:///home/dan/.m2/repository/org/springframework/boot/spring-boot-autoconfigure/3.0.6/spring-boot-autoconfigure-3.0.6.jar
2023-05-29 22:01:29,427 [ 106255]   WARN - #in.oneton.idea.spring.assistant.plugin.suggestion.service.SuggestionServiceImpl - Unexpected hint management.health.status.order is assigned to  group management found. Hints can be only assigned to property. Ignoring the hint completely.Existing group belongs to (file:///home/dan/.m2/repository/org/springframework/boot/spring-boot-actuator-autoconfigure/3.0.6/spring-boot-actuator-autoconfigure-3.0.6.jar), New hint belongs file:///home/dan/.m2/repository/org/springframework/boot/spring-boot-actuator-autoconfigure/3.0.6/spring-boot-actuator-autoconfigure-3.0.6.jar
2023-05-29 22:01:36,013 [ 112841]   WARN - #c.i.o.a.i.ActionUpdater - 1436 ms to grab EDT for LiveEditActionProvider$createAction$1#update@EditorInspectionsToolbar (com.android.tools.idea.editors.liveedit.ui.LiveEditActionProvider$createAction$1)
2023-05-29 22:02:21,660 [ 158488]   WARN - #c.i.o.a.i.ActionUpdater - 1604 ms to call on BGT RenameElementAction#update@ProjectViewPopup(preload-bgt) (com.intellij.refactoring.actions.RenameElementAction)
2023-05-29 22:02:23,008 [ 159836]   WARN - #ai.codegeex.plugin.lang.agent.lsp.VirtualFileUri - Unable to parse as compliant URI, using fallback: file:///home/dan/GitHub/crud-angular-spring/crud-spring/src/main/java/com/danilorocha/crudspring/domain/entities/Curso.java
2023-05-29 22:02:23,011 [ 159839]   WARN - #ai.codegeex.plugin.lang.agent.lsp.VirtualFileUri - Unable to parse as compliant URI, using fallback: file:///home/dan/GitHub/crud-angular-spring/crud-spring/src/main/java/com/danilorocha/crudspring/domain/entities/Curso.java
=== package com.danilorocha.crudspring.domain.entities;

import com.danilorocha.crudspring.domain.enums.Categoria;
import com.danilorocha.crudspring.domain.enums.Status;
import com.danilorocha.crudspring.domain.enums.converters.CategoriaConversor;
import com.danilorocha.crudspring.domain.enums.converters.StatusConversor;
import com.fasterxml.jackson.annotation.JsonProperty;
import jakarta.persistence.*;
import lombok.EqualsAndHashCode;
import lombok.Getter;
import lombok.RequiredArgsConstructor;
import lombok.Setter;
import org.hibernate.annotations.SQLDelete;
import org.hibernate.annotations.Where;

import java.util.ArrayList;
import java.util.List;
import java.util.Objects;

@Setter
@Getter
@Entity
@Table(name = "cursos")
@RequiredArgsConstructor
@SQLDelete(sql = "UPDATE cursos SET status = 'Inativo' WHERE id = ?")
@Where(clause = "status = 'Ativo'")
public class Curso {

    @Id
    @EqualsAndHashCode.Include
    @GeneratedValue(strategy = GenerationType.IDENTITY)
    @JsonProperty("_id")
    private Long id;

    /*@NotBlank
    @NotNull*/
    /*@Size(min = 1, max = 100)*/
    @Column(length = 100, nullable = false)
    private String nome;

    /*@NotBlank
    @NotNull*/
    /*@Size(min = 8, max = 9)*/
    //@Pattern(regexp = "Front-end|Back-end")
    @Column(length = 10, nullable = false)
    @Convert(converter = CategoriaConversor.class)
    private Categoria categoria;

    /*@NotNull*/
    /*@Size(min = 5, max = 7)*/
    //@Pattern(regexp = "Ativo|Inativo")
    @Column(length = 10, nullable = false)
    //@JsonIgnore
    @Convert(converter = StatusConversor.class)
    private Status status = Status.ATIVO;

    @OneToMany(
            mappedBy = "curso",

2023-05-29 22:02:23,164 [ 159992]   WARN - #ai.codegeex.plugin.lang.agent.lsp.VirtualFileUri - Unable to parse as compliant URI, using fallback: file:///home/dan/GitHub/crud-angular-spring/crud-spring/src/main/java/com/danilorocha/crudspring/domain/entities/Curso.java
2023-05-29 22:02:23,165 [ 159993]   WARN - #ai.codegeex.plugin.lang.agent.lsp.VirtualFileUri - Unable to parse as compliant URI, using fallback: file:///home/dan/GitHub/crud-angular-spring/crud-spring/src/main/java/com/danilorocha/crudspring/domain/entities/Curso.java
2023-05-29 22:02:23,218 [ 160046]   WARN - #ai.codegeex.plugin.lang.agent.lsp.VirtualFileUri - Unable to parse as compliant URI, using fallback: file:///home/dan/GitHub/crud-angular-spring/crud-spring/src/main/java/com/danilorocha/crudspring/domain/entities/Curso.java
2023-05-29 22:02:23,218 [ 160046]   WARN - #ai.codegeex.plugin.lang.agent.lsp.VirtualFileUri - Unable to parse as compliant URI, using fallback: file:///home/dan/GitHub/crud-angular-spring/crud-spring/src/main/java/com/danilorocha/crudspring/domain/entities/Curso.java
=== package com.danilorocha.crudspring.domain.entities;

import com.danilorocha.crudspring.domain.enums.Categoria;
import com.danilorocha.crudspring.domain.enums.Status;
import com.danilorocha.crudspring.domain.enums.converters.CategoriaConversor;
import com.danilorocha.crudspring.domain.enums.converters.StatusConversor;
import com.fasterxml.jackson.annotation.JsonProperty;
import jakarta.persistence.*;
import lombok.EqualsAndHashCode;
import lombok.Getter;
import lombok.RequiredArgsConstructor;
import lombok.Setter;
import org.hibernate.annotations.SQLDelete;
import org.hibernate.annotations.Where;

import java.util.ArrayList;
import java.util.List;
import java.util.Objects;

@Setter
@Getter
@Entity
@Table(name = "cursos")
@RequiredArgsConstructor
@SQLDelete(sql = "UPDATE cursos SET status = 'Inativo' WHERE id = ?")
@Where(clause = "status = 'Ativo'")
public class Curso {

    @Id
    @EqualsAndHashCode.Include
    @GeneratedValue(strategy = GenerationType.IDENTITY)
    @JsonProperty("_id")
    private Long id;

    /*@NotBlank
    @NotNull*/
    /*@Size(min = 1, max = 100)*/
    @Column(length = 100, nullable = false)
    private String nome;

    /*@NotBlank
    @NotNull*/
    /*@Size(min = 8, max = 9)*/
    //@Pattern(regexp = "Front-end|Back-end")
    @Column(length = 10, nullable = false)
    @Convert(converter = CategoriaConversor.class)
    private Categoria categoria;

    /*@NotNull*/
    /*@Size(min = 5, max = 7)*/
    //@Pattern(regexp = "Ativo|Inativo")
    @Column(length = 10, nullable = false)
    //@JsonIgnore
    @Convert(converter = StatusConversor.class)
    private Status status = Status.ATIVO;

    @OneToMany(
            mappedBy = "curso",
            fe
2023-05-29 22:02:24,753 [ 161581]   WARN - #ai.codegeex.plugin.lang.agent.lsp.VirtualFileUri - Unable to parse as compliant URI, using fallback: file:///home/dan/GitHub/crud-angular-spring/crud-spring/src/main/java/com/danilorocha/crudspring/domain/entities/Curso.java
2023-05-29 22:02:24,754 [ 161582]   WARN - #ai.codegeex.plugin.lang.agent.lsp.VirtualFileUri - Unable to parse as compliant URI, using fallback: file:///home/dan/GitHub/crud-angular-spring/crud-spring/src/main/java/com/danilorocha/crudspring/domain/entities/Curso.java
2023-05-29 22:02:24,796 [ 161624]   WARN - #ai.codegeex.plugin.lang.agent.lsp.VirtualFileUri - Unable to parse as compliant URI, using fallback: file:///home/dan/GitHub/crud-angular-spring/crud-spring/src/main/java/com/danilorocha/crudspring/domain/entities/Curso.java
2023-05-29 22:02:24,797 [ 161625]   WARN - #ai.codegeex.plugin.lang.agent.lsp.VirtualFileUri - Unable to parse as compliant URI, using fallback: file:///home/dan/GitHub/crud-angular-spring/crud-spring/src/main/java/com/danilorocha/crudspring/domain/entities/Curso.java
=== package com.danilorocha.crudspring.domain.entities;

import com.danilorocha.crudspring.domain.enums.Categoria;
import com.danilorocha.crudspring.domain.enums.Status;
import com.danilorocha.crudspring.domain.enums.converters.CategoriaConversor;
import com.danilorocha.crudspring.domain.enums.converters.StatusConversor;
import com.fasterxml.jackson.annotation.JsonProperty;
import jakarta.persistence.*;
import lombok.EqualsAndHashCode;
import lombok.Getter;
import lombok.RequiredArgsConstructor;
import lombok.Setter;
import org.hibernate.annotations.SQLDelete;
import org.hibernate.annotations.Where;

import java.util.ArrayList;
import java.util.List;
import java.util.Objects;

@Setter
@Getter
@Entity
@Table(name = "cursos")
@RequiredArgsConstructor
@SQLDelete(sql = "UPDATE cursos SET status = 'Inativo' WHERE id = ?")
@Where(clause = "status = 'Ativo'")
public class Curso {

    @Id
    @EqualsAndHashCode.Include
    @GeneratedValue(strategy = GenerationType.IDENTITY)
    @JsonProperty("_id")
    private Long id;

    /*@NotBlank
    @NotNull*/
    /*@Size(min = 1, max = 100)*/
    @Column(length = 100, nullable = false)
    private String nome;

    /*@NotBlank
    @NotNull*/
    /*@Size(min = 8, max = 9)*/
    //@Pattern(regexp = "Front-end|Back-end")
    @Column(length = 10, nullable = false)
    @Convert(converter = CategoriaConversor.class)
    private Categoria categoria;

    /*@NotNull*/
    /*@Size(min = 5, max = 7)*/
    //@Pattern(regexp = "Ativo|Inativo")
    @Column(length = 10, nullable = false)
    //@JsonIgnore
    @Convert(converter = StatusConversor.class)
    private Status status = Status.ATIVO;

    @OneToMany(
            mappedBy = "curso",
            fetch =
2023-05-29 22:02:26,739 [ 163567]   WARN - #ai.codegeex.plugin.lang.agent.lsp.VirtualFileUri - Unable to parse as compliant URI, using fallback: file:///home/dan/GitHub/crud-angular-spring/crud-spring/src/main/java/com/danilorocha/crudspring/domain/entities/Curso.java
2023-05-29 22:02:26,740 [ 163568]   WARN - #ai.codegeex.plugin.lang.agent.lsp.VirtualFileUri - Unable to parse as compliant URI, using fallback: file:///home/dan/GitHub/crud-angular-spring/crud-spring/src/main/java/com/danilorocha/crudspring/domain/entities/Curso.java
2023-05-29 22:02:28,183 [ 165011]   WARN - #ai.codegeex.plugin.lang.agent.lsp.VirtualFileUri - Unable to parse as compliant URI, using fallback: file:///home/dan/GitHub/crud-angular-spring/crud-spring/src/main/java/com/danilorocha/crudspring/domain/entities/Curso.java
2023-05-29 22:02:28,184 [ 165012]   WARN - #ai.codegeex.plugin.lang.agent.lsp.VirtualFileUri - Unable to parse as compliant URI, using fallback: file:///home/dan/GitHub/crud-angular-spring/crud-spring/src/main/java/com/danilorocha/crudspring/domain/entities/Curso.java
=== package com.danilorocha.crudspring.domain.entities;

import com.danilorocha.crudspring.domain.enums.Categoria;
import com.danilorocha.crudspring.domain.enums.Status;
import com.danilorocha.crudspring.domain.enums.converters.CategoriaConversor;
import com.danilorocha.crudspring.domain.enums.converters.StatusConversor;
import com.fasterxml.jackson.annotation.JsonProperty;
import jakarta.persistence.*;
import lombok.EqualsAndHashCode;
import lombok.Getter;
import lombok.RequiredArgsConstructor;
import lombok.Setter;
import org.hibernate.annotations.SQLDelete;
import org.hibernate.annotations.Where;

import java.util.ArrayList;
import java.util.List;
import java.util.Objects;

@Setter
@Getter
@Entity
@Table(name = "cursos")
@RequiredArgsConstructor
@SQLDelete(sql = "UPDATE cursos SET status = 'Inativo' WHERE id = ?")
@Where(clause = "status = 'Ativo'")
public class Curso {

    @Id
    @EqualsAndHashCode.Include
    @GeneratedValue(strategy = GenerationType.IDENTITY)
    @JsonProperty("_id")
    private Long id;

    /*@NotBlank
    @NotNull*/
    /*@Size(min = 1, max = 100)*/
    @Column(length = 100, nullable = false)
    private String nome;

    /*@NotBlank
    @NotNull*/
    /*@Size(min = 8, max = 9)*/
    //@Pattern(regexp = "Front-end|Back-end")
    @Column(length = 10, nullable = false)
    @Convert(converter = CategoriaConversor.class)
    private Categoria categoria;

    /*@NotNull*/
    /*@Size(min = 5, max = 7)*/
    //@Pattern(regexp = "Ativo|Inativo")
    @Column(length = 10, nullable = false)
    //@JsonIgnore
    @Convert(converter = StatusConversor.class)
    private Status status = Status.ATIVO;

    @OneToMany(
            mappedBy = "curso",
            fetch = FetchType
2023-05-29 22:02:29,016 [ 165844]   WARN - #ai.codegeex.plugin.lang.agent.lsp.VirtualFileUri - Unable to parse as compliant URI, using fallback: file:///home/dan/GitHub/crud-angular-spring/crud-spring/src/main/java/com/danilorocha/crudspring/domain/entities/Curso.java
2023-05-29 22:02:29,016 [ 165844]   WARN - #ai.codegeex.plugin.lang.agent.lsp.VirtualFileUri - Unable to parse as compliant URI, using fallback: file:///home/dan/GitHub/crud-angular-spring/crud-spring/src/main/java/com/danilorocha/crudspring/domain/entities/Curso.java
2023-05-29 22:02:29,018 [ 165846]   WARN - #ai.codegeex.plugin.lang.agent.lsp.VirtualFileUri - Unable to parse as compliant URI, using fallback: file:///home/dan/GitHub/crud-angular-spring/crud-spring/src/main/java/com/danilorocha/crudspring/domain/entities/Curso.java
2023-05-29 22:02:30,315 [ 167143]   WARN - #ai.codegeex.plugin.lang.agent.lsp.VirtualFileUri - Unable to parse as compliant URI, using fallback: file:///home/dan/GitHub/crud-angular-spring/crud-spring/src/main/java/com/danilorocha/crudspring/domain/entities/Curso.java
2023-05-29 22:02:30,316 [ 167144]   WARN - #ai.codegeex.plugin.lang.agent.lsp.VirtualFileUri - Unable to parse as compliant URI, using fallback: file:///home/dan/GitHub/crud-angular-spring/crud-spring/src/main/java/com/danilorocha/crudspring/domain/entities/Curso.java
=== package com.danilorocha.crudspring.domain.entities;

import com.danilorocha.crudspring.domain.enums.Categoria;
import com.danilorocha.crudspring.domain.enums.Status;
import com.danilorocha.crudspring.domain.enums.converters.CategoriaConversor;
import com.danilorocha.crudspring.domain.enums.converters.StatusConversor;
import com.fasterxml.jackson.annotation.JsonProperty;
import jakarta.persistence.*;
import lombok.EqualsAndHashCode;
import lombok.Getter;
import lombok.RequiredArgsConstructor;
import lombok.Setter;
import org.hibernate.annotations.SQLDelete;
import org.hibernate.annotations.Where;

import java.util.ArrayList;
import java.util.List;
import java.util.Objects;

@Setter
@Getter
@Entity
@Table(name = "cursos")
@RequiredArgsConstructor
@SQLDelete(sql = "UPDATE cursos SET status = 'Inativo' WHERE id = ?")
@Where(clause = "status = 'Ativo'")
public class Curso {

    @Id
    @EqualsAndHashCode.Include
    @GeneratedValue(strategy = GenerationType.IDENTITY)
    @JsonProperty("_id")
    private Long id;

    /*@NotBlank
    @NotNull*/
    /*@Size(min = 1, max = 100)*/
    @Column(length = 100, nullable = false)
    private String nome;

    /*@NotBlank
    @NotNull*/
    /*@Size(min = 8, max = 9)*/
    //@Pattern(regexp = "Front-end|Back-end")
    @Column(length = 10, nullable = false)
    @Convert(converter = CategoriaConversor.class)
    private Categoria categoria;

    /*@NotNull*/
    /*@Size(min = 5, max = 7)*/
    //@Pattern(regexp = "Ativo|Inativo")
    @Column(length = 10, nullable = false)
    //@JsonIgnore
    @Convert(converter = StatusConversor.class)
    private Status status = Status.ATIVO;

    @OneToMany(
            mappedBy = "curso",
            fetch = FetchType.LAZY
2023-05-29 22:02:31,012 [ 167840]   WARN - #ai.codegeex.plugin.lang.agent.lsp.VirtualFileUri - Unable to parse as compliant URI, using fallback: file:///home/dan/GitHub/crud-angular-spring/crud-spring/src/main/java/com/danilorocha/crudspring/domain/entities/Curso.java
2023-05-29 22:02:31,012 [ 167840]   WARN - #ai.codegeex.plugin.lang.agent.lsp.VirtualFileUri - Unable to parse as compliant URI, using fallback: file:///home/dan/GitHub/crud-angular-spring/crud-spring/src/main/java/com/danilorocha/crudspring/domain/entities/Curso.java
=== package com.danilorocha.crudspring.domain.entities;

import com.danilorocha.crudspring.domain.enums.Categoria;
import com.danilorocha.crudspring.domain.enums.Status;
import com.danilorocha.crudspring.domain.enums.converters.CategoriaConversor;
import com.danilorocha.crudspring.domain.enums.converters.StatusConversor;
import com.fasterxml.jackson.annotation.JsonProperty;
import jakarta.persistence.*;
import lombok.EqualsAndHashCode;
import lombok.Getter;
import lombok.RequiredArgsConstructor;
import lombok.Setter;
import org.hibernate.annotations.SQLDelete;
import org.hibernate.annotations.Where;

import java.util.ArrayList;
import java.util.List;
import java.util.Objects;

@Setter
@Getter
@Entity
@Table(name = "cursos")
@RequiredArgsConstructor
@SQLDelete(sql = "UPDATE cursos SET status = 'Inativo' WHERE id = ?")
@Where(clause = "status = 'Ativo'")
public class Curso {

    @Id
    @EqualsAndHashCode.Include
    @GeneratedValue(strategy = GenerationType.IDENTITY)
    @JsonProperty("_id")
    private Long id;

    /*@NotBlank
    @NotNull*/
    /*@Size(min = 1, max = 100)*/
    @Column(length = 100, nullable = false)
    private String nome;

    /*@NotBlank
    @NotNull*/
    /*@Size(min = 8, max = 9)*/
    //@Pattern(regexp = "Front-end|Back-end")
    @Column(length = 10, nullable = false)
    @Convert(converter = CategoriaConversor.class)
    private Categoria categoria;

    /*@NotNull*/
    /*@Size(min = 5, max = 7)*/
    //@Pattern(regexp = "Ativo|Inativo")
    @Column(length = 10, nullable = false)
    //@JsonIgnore
    @Convert(converter = StatusConversor.class)
    private Status status = Status.ATIVO;

    @OneToMany(
            mappedBy = "curso",
            fetch = FetchType.LAZY,
2023-05-29 22:02:34,450 [ 171278]   WARN - #ai.codegeex.plugin.lang.agent.lsp.VirtualFileUri - Unable to parse as compliant URI, using fallback: file:///home/dan/GitHub/crud-angular-spring/crud-spring/src/main/java/com/danilorocha/crudspring/domain/entities/Curso.java
2023-05-29 22:02:35,211 [ 172039]   WARN - #c.i.o.a.i.ActionUpdater - 364 ms to grab EDT for FontEditorPreview$RestorePreviewTextAction#update@ContextToolbar (com.intellij.application.options.colors.FontEditorPreview$RestorePreviewTextAction)
2023-05-29 22:02:36,597 [ 173425]   WARN - #c.i.u.x.Binding - no accessors for org.jetbrains.idea.perforce.perforce.ConnectionId
JCEF(02:44:757): initialized stderr logger, severity=LOGSEVERITY_DISABLE
2023-05-29 22:02:44,841 [ 181669]   WARN - #ai.codegeex.plugin.lang.agent.lsp.VirtualFileUri - Unable to parse as compliant URI, using fallback: file:///home/dan/GitHub/crud-angular-spring/crud-spring/src/main/java/com/danilorocha/crudspring/domain/entities/Aula.java
2023-05-29 22:02:44,890 [ 181718]   WARN - #c.i.o.a.i.ActionUpdater - 1037 ms to grab EDT for EditorMarkupModelImpl$TrafficLightAction#update@EditorInspectionsToolbar (com.intellij.openapi.editor.impl.EditorMarkupModelImpl$TrafficLightAction)
2023-05-29 22:02:44,893 [ 181721]   WARN - #c.i.o.a.i.ActionUpdater - 1037 ms to grab EDT for FontEditorPreview$ToggleBoldFontAction#update@ContextToolbar (com.intellij.application.options.colors.FontEditorPreview$ToggleBoldFontAction)
2023-05-29 22:03:31,544 [ 228372]   WARN - #c.i.o.a.i.ActionUpdater - 363 ms to grab EDT for ToggleAmendCommitModeAction#update@ChangesView.CommitToolbar (com.intellij.vcs.commit.ToggleAmendCommitModeAction)
2023-05-29 22:03:31,649 [ 228477]   WARN - #c.i.o.a.i.ActionUpdater - 426 ms to grab EDT for ExpandAllAction#update@ChangesViewToolbar (com.intellij.ide.actions.ExpandAllAction)
2023-05-29 22:03:41,968 [ 238796]   WARN - JetBrains UI DSL - Unsupported labeled component com.intellij.vcs.log.VcsUserEditor, label 'Author:'
